<?xml version="1.0" encoding="UTF-8"?>
<testng-results ignored="0" total="1" passed="1" failed="0" skipped="0">
  <reporter-output>
  </reporter-output>
  <suite started-at="2020-10-20T06:15:01Z" name="Default suite" finished-at="2020-10-20T06:15:01Z" duration-ms="145">
    <groups>
    </groups>
    <test started-at="2020-10-20T06:15:01Z" name="Default test" finished-at="2020-10-20T06:15:01Z" duration-ms="145">
      <class name="com.vtiger.org.CreateOrgTest">
        <test-method signature="Open()[pri:0, instance:com.vtiger.org.CreateOrgTest@77f1baf5]" started-at="2020-10-20T06:15:01Z" name="Open" finished-at="2020-10-20T06:15:01Z" duration-ms="50" status="PASS">
          <reporter-output>
          </reporter-output>
        </test-method> <!-- Open -->
      </class> <!-- com.vtiger.org.CreateOrgTest -->
    </test> <!-- Default test -->
  </suite> <!-- Default suite -->
</testng-results>
