<?xml version="1.0" encoding="UTF-8"?>
<testng-results ignored="0" total="1" passed="1" failed="0" skipped="0">
  <reporter-output>
  </reporter-output>
  <suite started-at="2020-10-20T16:24:19Z" name="Default suite" finished-at="2020-10-20T16:24:21Z" duration-ms="1732">
    <groups>
    </groups>
    <test started-at="2020-10-20T16:24:19Z" name="Default test" finished-at="2020-10-20T16:24:21Z" duration-ms="1732">
      <class name="com.vtiger.org.ExtentReport">
        <test-method signature="login()[pri:0, instance:com.vtiger.org.ExtentReport@6e509ffa]" started-at="2020-10-20T16:24:19Z" name="login" finished-at="2020-10-20T16:24:20Z" duration-ms="1640" status="PASS">
          <reporter-output>
          </reporter-output>
        </test-method> <!-- login -->
      </class> <!-- com.vtiger.org.ExtentReport -->
    </test> <!-- Default test -->
  </suite> <!-- Default suite -->
</testng-results>
